This is pdfTeX, Version 3.14159265-2.6-1.40.21 (TeX Live 2020) (preloaded format=latex 2023.10.22)  31 OCT 2023 02:46
entering extended mode
 restricted \write18 enabled.
 %&-line parsing enabled.
**rechnung.ins
(./rechnung.ins
LaTeX2e <2020-10-01> patch level 4
L3 programming layer <2021-02-18>
(/usr/share/texlive/texmf-dist/tex/latex/base/docstrip.tex
\blockLevel=\count179
\emptyLines=\count180
\processedLines=\count181
\commentsRemoved=\count182
\commentsPassed=\count183
\codeLinesPassed=\count184
\TotalprocessedLines=\count185
\TotalcommentsRemoved=\count186
\TotalcommentsPassed=\count187
\TotalcodeLinesPassed=\count188
\NumberOfFiles=\count189
\inFile=\read2
\inputcheck=\read3
\off@0=\count190
\off@1=\count191
\off@2=\count192
\off@3=\count193
\off@4=\count194
\off@5=\count195
\off@6=\count196
\off@7=\count197
\off@8=\count198
\off@9=\count199
\off@10=\count266
\off@11=\count267
\off@12=\count268
\off@13=\count269
\off@14=\count270
\off@15=\count271
\@maxfiles=\count272
\@maxoutfiles=\count273

Utility: `docstrip' v2.6a <2020-07-07>
English documentation    <2020-07-11>

**********************************************************
* This program converts documented macro-files into fast *
* loadable files by stripping off (nearly) all comments! *
**********************************************************

********************************************************
* No Configuration file found, using default settings. *
********************************************************

)
Generating style file rechnung.sty for the rechnung package:

Generating file(s) ./rechnung.sty 
\openout0 = `./rechnung.sty'.


Processing file rechnung.dtx (package) -> rechnung.sty
File rechnung.dtx ended by \endinput.
Lines  processed: 1184
Comments removed: 784
Comments  passed: 2
Codelines passed: 391

Generating driver file for manual rechnung.drv:

Generating file(s) ./rechnungman.drv 
\openout0 = `./rechnungman.drv'.


Processing file rechnung.dtx (driver,manual) -> rechnungman.drv
File rechnung.dtx ended by \endinput.
Lines  processed: 1184
Comments removed: 784
Comments  passed: 2
Codelines passed: 391

Generating driver file for documentation rechnung.drv:

Generating file(s) ./rechnung.drv 
\openout0 = `./rechnung.drv'.


Processing file rechnung.dtx (driver) -> rechnung.drv
File rechnung.dtx ended by \endinput.
Lines  processed: 1184
Comments removed: 784
Comments  passed: 2
Codelines passed: 391

***********************************************************
*
* To finish the installation you have to move the file
* rechnung.sty into a directory searched by TeX:
*
* Optionally you caan copy the file rechnung.dtx into a
* directory searched by TeX, so that users can print
* a copy of the documentation.
*
* Happy TeXing
***********************************************************
Overall statistics:
Files  processed: 3
Lines  processed: 3552
Comments removed: 2352
Comments  passed: 6
Codelines passed: 1173
 ) 
Here is how much of TeX's memory you used:
 348 strings out of 480933
 3760 string characters out of 5906302
 286384 words of memory out of 5000000
 17675 multiletter control sequences out of 15000+600000
 403430 words of font info for 27 fonts, out of 8000000 for 9000
 14 hyphenation exceptions out of 8191
 13i,0n,18p,230b,128s stack positions out of 5000i,500n,10000p,200000b,80000s

No pages of output.
